<?xml version="1.0" encoding="UTF-8"?>
<testng-results skipped="0" failed="0" ignored="10" total="23" passed="13">
  <reporter-output>
  </reporter-output>
  <suite name="Parallel Suite" duration-ms="0" started-at="2020-09-15T11:28:52 BST" finished-at="2020-09-15T11:28:52 BST">
    <groups>
    </groups>
  </suite> <!-- Parallel Suite -->
  <suite name="Smoke suite" duration-ms="32" started-at="2020-09-15T11:28:52 BST" finished-at="2020-09-15T11:28:52 BST">
    <groups>
      <group name="regression">
        <method signature="MySampleTest.login5()[pri:0, instance:samptest.MySampleTest@7e2d773b]" name="login5" class="samptest.MySampleTest"/>
      </group> <!-- regression -->
      <group name="smoke">
        <method signature="HelloWorld.greeting1()[pri:0, instance:Sample3p.HelloWorld@2173f6d9]" name="greeting1" class="Sample3p.HelloWorld"/>
        <method signature="MySampleTest.login3()[pri:0, instance:samptest.MySampleTest@7e2d773b]" name="login3" class="samptest.MySampleTest"/>
        <method signature="MySampleTest.login4()[pri:0, instance:samptest.MySampleTest@7e2d773b]" name="login4" class="samptest.MySampleTest"/>
        <method signature="MySampleTest.login5()[pri:0, instance:samptest.MySampleTest@7e2d773b]" name="login5" class="samptest.MySampleTest"/>
        <method signature="Sample2.welcome1()[pri:0, instance:samptest.Sample2@4d50efb8]" name="welcome1" class="samptest.Sample2"/>
      </group> <!-- smoke -->
    </groups>
    <test name="Smoke test" duration-ms="32" started-at="2020-09-15T11:28:52 BST" finished-at="2020-09-15T11:28:52 BST">
      <class name="Sample3p.HelloWorld">
        <test-method status="PASS" signature="greeting1()[pri:0, instance:Sample3p.HelloWorld@2173f6d9]" name="greeting1" duration-ms="0" started-at="2020-09-15T11:28:52 BST" finished-at="2020-09-15T11:28:52 BST">
          <reporter-output>
          </reporter-output>
        </test-method> <!-- greeting1 -->
      </class> <!-- Sample3p.HelloWorld -->
      <class name="samptest.Sample2">
        <test-method status="PASS" signature="welcome1()[pri:0, instance:samptest.Sample2@4d50efb8]" name="welcome1" duration-ms="16" started-at="2020-09-15T11:28:52 BST" finished-at="2020-09-15T11:28:52 BST">
          <reporter-output>
          </reporter-output>
        </test-method> <!-- welcome1 -->
      </class> <!-- samptest.Sample2 -->
      <class name="samptest.MySampleTest">
        <test-method status="PASS" signature="login3()[pri:0, instance:samptest.MySampleTest@7e2d773b]" name="login3" duration-ms="0" started-at="2020-09-15T11:28:52 BST" finished-at="2020-09-15T11:28:52 BST">
          <reporter-output>
          </reporter-output>
        </test-method> <!-- login3 -->
        <test-method status="PASS" signature="login4()[pri:0, instance:samptest.MySampleTest@7e2d773b]" name="login4" duration-ms="0" started-at="2020-09-15T11:28:52 BST" finished-at="2020-09-15T11:28:52 BST">
          <reporter-output>
          </reporter-output>
        </test-method> <!-- login4 -->
        <test-method status="PASS" signature="login5()[pri:0, instance:samptest.MySampleTest@7e2d773b]" name="login5" duration-ms="0" started-at="2020-09-15T11:28:52 BST" finished-at="2020-09-15T11:28:52 BST">
          <reporter-output>
          </reporter-output>
        </test-method> <!-- login5 -->
      </class> <!-- samptest.MySampleTest -->
    </test> <!-- Smoke test -->
  </suite> <!-- Smoke suite -->
  <suite name="Sanity Suite" duration-ms="16" started-at="2020-09-15T11:28:52 BST" finished-at="2020-09-15T11:28:52 BST">
    <groups>
      <group name="regression">
        <method signature="HelloWorld.greeting2()[pri:0, instance:Sample3p.HelloWorld@42f93a98]" name="greeting2" class="Sample3p.HelloWorld"/>
      </group> <!-- regression -->
      <group name="smoke">
        <method signature="HelloWorld.greeting1()[pri:0, instance:Sample3p.HelloWorld@42f93a98]" name="greeting1" class="Sample3p.HelloWorld"/>
      </group> <!-- smoke -->
      <group name="sanity">
        <method signature="HelloWorld.greeting3()[pri:0, instance:Sample3p.HelloWorld@42f93a98]" name="greeting3" class="Sample3p.HelloWorld"/>
      </group> <!-- sanity -->
    </groups>
    <test name="Test" duration-ms="16" started-at="2020-09-15T11:28:52 BST" finished-at="2020-09-15T11:28:52 BST">
      <class name="Sample3p.HelloWorld">
        <test-method status="PASS" signature="greeting1()[pri:0, instance:Sample3p.HelloWorld@42f93a98]" name="greeting1" duration-ms="0" started-at="2020-09-15T11:28:52 BST" finished-at="2020-09-15T11:28:52 BST">
          <reporter-output>
          </reporter-output>
        </test-method> <!-- greeting1 -->
        <test-method status="PASS" signature="greeting3()[pri:0, instance:Sample3p.HelloWorld@42f93a98]" name="greeting3" duration-ms="16" started-at="2020-09-15T11:28:52 BST" finished-at="2020-09-15T11:28:52 BST">
          <reporter-output>
          </reporter-output>
        </test-method> <!-- greeting3 -->
        <test-method status="PASS" signature="greeting2()[pri:0, instance:Sample3p.HelloWorld@42f93a98]" name="greeting2" duration-ms="0" started-at="2020-09-15T11:28:52 BST" finished-at="2020-09-15T11:28:52 BST">
          <reporter-output>
          </reporter-output>
        </test-method> <!-- greeting2 -->
      </class> <!-- Sample3p.HelloWorld -->
    </test> <!-- Test -->
  </suite> <!-- Sanity Suite -->
  <suite name="Regression Suite" duration-ms="97" started-at="2020-09-15T11:28:52 BST" finished-at="2020-09-15T11:28:52 BST">
    <groups>
      <group name="regression">
        <method signature="HelloWorld.greeting2()[pri:0, instance:Sample3p.HelloWorld@e320068]" name="greeting2" class="Sample3p.HelloWorld"/>
        <method signature="MySampleTest.login1()[pri:0, instance:samptest.MySampleTest@59e5ddf]" name="login1" class="samptest.MySampleTest"/>
        <method signature="MySampleTest.login2()[pri:0, instance:samptest.MySampleTest@59e5ddf]" name="login2" class="samptest.MySampleTest"/>
        <method signature="MySampleTest.login5()[pri:0, instance:samptest.MySampleTest@59e5ddf]" name="login5" class="samptest.MySampleTest"/>
        <method signature="Sample2.welcome2()[pri:0, instance:samptest.Sample2@536aaa8d]" name="welcome2" class="samptest.Sample2"/>
      </group> <!-- regression -->
      <group name="smoke">
        <method signature="MySampleTest.login5()[pri:0, instance:samptest.MySampleTest@59e5ddf]" name="login5" class="samptest.MySampleTest"/>
      </group> <!-- smoke -->
    </groups>
    <test name="regression test" duration-ms="97" started-at="2020-09-15T11:28:52 BST" finished-at="2020-09-15T11:28:52 BST">
      <class name="Sample3p.HelloWorld">
        <test-method status="PASS" signature="greeting2()[pri:0, instance:Sample3p.HelloWorld@e320068]" name="greeting2" duration-ms="0" started-at="2020-09-15T11:28:52 BST" finished-at="2020-09-15T11:28:52 BST">
          <reporter-output>
          </reporter-output>
        </test-method> <!-- greeting2 -->
      </class> <!-- Sample3p.HelloWorld -->
      <class name="samptest.Sample2">
        <test-method status="PASS" signature="welcome2()[pri:0, instance:samptest.Sample2@536aaa8d]" name="welcome2" duration-ms="0" started-at="2020-09-15T11:28:52 BST" finished-at="2020-09-15T11:28:52 BST">
          <reporter-output>
          </reporter-output>
        </test-method> <!-- welcome2 -->
      </class> <!-- samptest.Sample2 -->
      <class name="samptest.MySampleTest">
        <test-method status="PASS" signature="login1()[pri:0, instance:samptest.MySampleTest@59e5ddf]" name="login1" duration-ms="15" started-at="2020-09-15T11:28:52 BST" finished-at="2020-09-15T11:28:52 BST">
          <reporter-output>
          </reporter-output>
        </test-method> <!-- login1 -->
        <test-method status="PASS" signature="login2()[pri:0, instance:samptest.MySampleTest@59e5ddf]" name="login2" duration-ms="0" started-at="2020-09-15T11:28:52 BST" finished-at="2020-09-15T11:28:52 BST">
          <reporter-output>
          </reporter-output>
        </test-method> <!-- login2 -->
        <test-method status="PASS" signature="login5()[pri:0, instance:samptest.MySampleTest@59e5ddf]" name="login5" duration-ms="0" started-at="2020-09-15T11:28:52 BST" finished-at="2020-09-15T11:28:52 BST">
          <reporter-output>
          </reporter-output>
        </test-method> <!-- login5 -->
      </class> <!-- samptest.MySampleTest -->
    </test> <!-- regression test -->
  </suite> <!-- Regression Suite -->
</testng-results>
