<?xml version="1.0" encoding="UTF-8"?>
<!-- Generated by org.testng.reporters.JUnitXMLReporter -->
<testsuite hostname="LAPTOP-83PKPEG5" ignored="3" name="sample test" tests="4" failures="0" timestamp="2020-09-14T14:04:19 BST" time="0.073" errors="0">
  <testcase name="login3" time="0.009" classname="samptest.MySampleTest"/>
  <testcase name="login4" time="0.001" classname="samptest.MySampleTest"/>
  <testcase name="login5" time="0.001" classname="samptest.MySampleTest"/>
  <testcase name="welcome1" time="0.001" classname="samptest.Sample2"/>
  <testcase name="login1" time="0.0" classname="samptest.MySampleTest">
    <ignored/>
  </testcase> <!-- login1 -->
  <testcase name="login2" time="0.0" classname="samptest.MySampleTest">
    <ignored/>
  </testcase> <!-- login2 -->
  <testcase name="welcome2" time="0.0" classname="samptest.Sample2">
    <ignored/>
  </testcase> <!-- welcome2 -->
</testsuite> <!-- sample test -->
