<?xml version="1.0" encoding="UTF-8"?>
<!-- Generated by org.testng.reporters.JUnitXMLReporter -->
<testsuite hostname="LAPTOP-83PKPEG5" ignored="5" name="Smoke test" tests="5" failures="0" timestamp="2020-09-15T11:28:52 BST" time="0.032" errors="0">
  <testcase name="welcome1" time="0.016" classname="samptest.Sample2"/>
  <testcase name="login3" time="0.0" classname="samptest.MySampleTest"/>
  <testcase name="login4" time="0.0" classname="samptest.MySampleTest"/>
  <testcase name="login5" time="0.0" classname="samptest.MySampleTest"/>
  <testcase name="greeting1" time="0.0" classname="Sample3p.HelloWorld"/>
  <testcase name="login1" time="0.0" classname="samptest.MySampleTest">
    <ignored/>
  </testcase> <!-- login1 -->
  <testcase name="login2" time="0.0" classname="samptest.MySampleTest">
    <ignored/>
  </testcase> <!-- login2 -->
  <testcase name="welcome2" time="0.0" classname="samptest.Sample2">
    <ignored/>
  </testcase> <!-- welcome2 -->
  <testcase name="greeting2" time="0.0" classname="Sample3p.HelloWorld">
    <ignored/>
  </testcase> <!-- greeting2 -->
  <testcase name="greeting3" time="0.0" classname="Sample3p.HelloWorld">
    <ignored/>
  </testcase> <!-- greeting3 -->
</testsuite> <!-- Smoke test -->
