<?xml version="1.0" encoding="UTF-8"?>
<!-- Generated by org.testng.reporters.JUnitXMLReporter -->
<testsuite hostname="LAPTOP-83PKPEG5" ignored="3" name="test1" tests="4" failures="0" timestamp="2020-09-14T14:53:39 BST" time="0.076" errors="0">
  <testcase name="welcome2" time="0.01" classname="samptest.Sample2"/>
  <testcase name="login1" time="0.01" classname="samptest.MySampleTest"/>
  <testcase name="login2" time="0.004" classname="samptest.MySampleTest"/>
  <testcase name="login5" time="0.002" classname="samptest.MySampleTest"/>
  <testcase name="login3" time="0.0" classname="samptest.MySampleTest">
    <ignored/>
  </testcase> <!-- login3 -->
  <testcase name="login4" time="0.0" classname="samptest.MySampleTest">
    <ignored/>
  </testcase> <!-- login4 -->
  <testcase name="welcome1" time="0.0" classname="samptest.Sample2">
    <ignored/>
  </testcase> <!-- welcome1 -->
</testsuite> <!-- test1 -->
