<?xml version="1.0" encoding="UTF-8"?>
<!-- Generated by org.testng.reporters.JUnitXMLReporter -->
<testsuite hostname="LAPTOP-83PKPEG5" ignored="0" name="myparallel" tests="7" failures="0" timestamp="2020-09-15T10:35:20 BST" time="0.077" errors="0">
  <testcase name="welcome1" time="0.009" classname="samptest.Sample2"/>
  <testcase name="welcome2" time="0.002" classname="samptest.Sample2"/>
  <testcase name="login1" time="0.0" classname="samptest.MySampleTest"/>
  <testcase name="login2" time="0.001" classname="samptest.MySampleTest"/>
  <testcase name="login3" time="0.002" classname="samptest.MySampleTest"/>
  <testcase name="login4" time="0.001" classname="samptest.MySampleTest"/>
  <testcase name="login5" time="0.002" classname="samptest.MySampleTest"/>
</testsuite> <!-- myparallel -->
