<?xml version="1.0" encoding="UTF-8"?>
<!-- Generated by org.testng.reporters.JUnitXMLReporter -->
<testsuite hostname="LAPTOP-83PKPEG5" ignored="0" name="regression" tests="14" failures="0" timestamp="2020-09-14T15:01:38 BST" time="0.13" errors="0">
  <testcase name="login1" time="0.014" classname="samptest.MySampleTest"/>
  <testcase name="login1" time="0.014" classname="samptest.MySampleTest"/>
  <testcase name="login2" time="0.001" classname="samptest.MySampleTest"/>
  <testcase name="login2" time="0.005" classname="samptest.MySampleTest"/>
  <testcase name="login3" time="0.008" classname="samptest.MySampleTest"/>
  <testcase name="login3" time="0.006" classname="samptest.MySampleTest"/>
  <testcase name="login4" time="0.003" classname="samptest.MySampleTest"/>
  <testcase name="login5" time="0.002" classname="samptest.MySampleTest"/>
  <testcase name="login4" time="0.003" classname="samptest.MySampleTest"/>
  <testcase name="welcome1" time="0.008" classname="samptest.Sample2"/>
  <testcase name="login5" time="0.007" classname="samptest.MySampleTest"/>
  <testcase name="welcome2" time="0.004" classname="samptest.Sample2"/>
  <testcase name="welcome1" time="0.0" classname="samptest.Sample2"/>
  <testcase name="welcome2" time="0.004" classname="samptest.Sample2"/>
</testsuite> <!-- regression -->
