<?xml version="1.0" encoding="UTF-8"?>
<!-- Generated by org.testng.reporters.JUnitXMLReporter -->
<testsuite hostname="LAPTOP-83PKPEG5" ignored="0" name="TestSuite2" tests="5" failures="0" timestamp="2020-09-15T10:44:13 BST" time="3.106" errors="0">
  <testcase name="login1" time="3.018" classname="samptest.MySampleTest"/>
  <testcase name="login2" time="0.0" classname="samptest.MySampleTest"/>
  <testcase name="login3" time="0.006" classname="samptest.MySampleTest"/>
  <testcase name="login4" time="0.004" classname="samptest.MySampleTest"/>
  <testcase name="login5" time="0.01" classname="samptest.MySampleTest"/>
</testsuite> <!-- TestSuite2 -->
